2023-01-07T13:44:08.975+0200 [DEBUG] [org.gradle.launcher.daemon.bootstrap.DaemonMain] Assuming the daemon was started with following jvm opts: [--add-opens, java.base/java.util=ALL-UNNAMED, --add-opens, java.base/java.lang=ALL-UNNAMED, --add-opens, java.base/java.lang.invoke=ALL-UNNAMED, --add-opens, java.base/java.util=ALL-UNNAMED, --add-opens, java.prefs/java.util.prefs=ALL-UNNAMED, --add-opens, java.prefs/java.util.prefs=ALL-UNNAMED, --add-opens, java.base/java.nio.charset=ALL-UNNAMED, --add-opens, java.base/java.net=ALL-UNNAMED, --add-opens, java.base/java.util.concurrent.atomic=ALL-UNNAMED, -Xmx2048m, -Dfile.encoding=UTF-8, -Duser.country=US, -Duser.language=en, -Duser.variant]
2023-01-07T13:44:09.202+0200 [DEBUG] [org.gradle.internal.nativeintegration.services.NativeServices] Native-platform posix files integration is not available. Continuing with fallback.
2023-01-07T13:44:09.221+0200 [INFO] [org.gradle.launcher.daemon.server.Daemon] start() called on daemon - DefaultDaemonContext[uid=0d362c98-5ce9-4031-b198-1d725444c457,javaHome=C:\Program Files\Android\Android Studio\jre,daemonRegistryDir=C:\Users\alexg\AndroidStudioProjects\geofenceApp\daemon,pid=20448,idleTimeout=10800000,priority=NORMAL,daemonOpts=--add-opens,java.base/java.util=ALL-UNNAMED,--add-opens,java.base/java.lang=ALL-UNNAMED,--add-opens,java.base/java.lang.invoke=ALL-UNNAMED,--add-opens,java.base/java.util=ALL-UNNAMED,--add-opens,java.prefs/java.util.prefs=ALL-UNNAMED,--add-opens,java.prefs/java.util.prefs=ALL-UNNAMED,--add-opens,java.base/java.nio.charset=ALL-UNNAMED,--add-opens,java.base/java.net=ALL-UNNAMED,--add-opens,java.base/java.util.concurrent.atomic=ALL-UNNAMED,-Xmx2048m,-Dfile.encoding=UTF-8,-Duser.country=US,-Duser.language=en,-Duser.variant]
2023-01-07T13:44:09.717+0200 [DEBUG] [org.gradle.internal.remote.internal.inet.InetAddresses] Adding IP addresses for network interface Software Loopback Interface 1
2023-01-07T13:44:09.720+0200 [DEBUG] [org.gradle.internal.remote.internal.inet.InetAddresses] Is this a loopback interface? true
2023-01-07T13:44:09.720+0200 [DEBUG] [org.gradle.internal.remote.internal.inet.InetAddresses] Adding loopback address /127.0.0.1
2023-01-07T13:44:09.720+0200 [DEBUG] [org.gradle.internal.remote.internal.inet.InetAddresses] Adding loopback address /0:0:0:0:0:0:0:1
2023-01-07T13:44:09.721+0200 [DEBUG] [org.gradle.internal.remote.internal.inet.InetAddresses] Adding IP addresses for network interface WAN Miniport (IKEv2)
2023-01-07T13:44:09.725+0200 [DEBUG] [org.gradle.internal.remote.internal.inet.InetAddresses] Is this a loopback interface? false
2023-01-07T13:44:09.725+0200 [DEBUG] [org.gradle.internal.remote.internal.inet.InetAddresses] Adding IP addresses for network interface Microsoft 6to4 Adapter
2023-01-07T13:44:09.728+0200 [DEBUG] [org.gradle.internal.remote.internal.inet.InetAddresses] Is this a loopback interface? false
2023-01-07T13:44:09.728+0200 [DEBUG] [org.gradle.internal.remote.internal.inet.InetAddresses] Adding IP addresses for network interface Microsoft Wi-Fi Direct Virtual Adapter #2
2023-01-07T13:44:09.731+0200 [DEBUG] [org.gradle.internal.remote.internal.inet.InetAddresses] Is this a loopback interface? false
2023-01-07T13:44:09.732+0200 [DEBUG] [org.gradle.internal.remote.internal.inet.InetAddresses] Adding IP addresses for network interface WAN Miniport (Network Monitor)
2023-01-07T13:44:09.735+0200 [DEBUG] [org.gradle.internal.remote.internal.inet.InetAddresses] Is this a loopback interface? false
2023-01-07T13:44:09.735+0200 [DEBUG] [org.gradle.internal.remote.internal.inet.InetAddresses] Adding IP addresses for network interface Microsoft IP-HTTPS Platform Adapter
2023-01-07T13:44:09.738+0200 [DEBUG] [org.gradle.internal.remote.internal.inet.InetAddresses] Is this a loopback interface? false
2023-01-07T13:44:09.739+0200 [DEBUG] [org.gradle.internal.remote.internal.inet.InetAddresses] Adding IP addresses for network interface Microsoft Wi-Fi Direct Virtual Adapter #3
2023-01-07T13:44:09.741+0200 [DEBUG] [org.gradle.internal.remote.internal.inet.InetAddresses] Is this a loopback interface? false
2023-01-07T13:44:09.742+0200 [DEBUG] [org.gradle.internal.remote.internal.inet.InetAddresses] Adding remote address /fe80:0:0:0:ec64:e9d4:ea8b:319f%wlan1
2023-01-07T13:44:09.742+0200 [DEBUG] [org.gradle.internal.remote.internal.inet.InetAddresses] Adding IP addresses for network interface WAN Miniport (SSTP)
2023-01-07T13:44:09.745+0200 [DEBUG] [org.gradle.internal.remote.internal.inet.InetAddresses] Is this a loopback interface? false
2023-01-07T13:44:09.745+0200 [DEBUG] [org.gradle.internal.remote.internal.inet.InetAddresses] Adding IP addresses for network interface Remote NDIS based Internet Sharing Device
2023-01-07T13:44:09.747+0200 [DEBUG] [org.gradle.internal.remote.internal.inet.InetAddresses] Is this a loopback interface? false
2023-01-07T13:44:09.748+0200 [DEBUG] [org.gradle.internal.remote.internal.inet.InetAddresses] Adding IP addresses for network interface Remote NDIS Compatible Device #2
2023-01-07T13:44:09.750+0200 [DEBUG] [org.gradle.internal.remote.internal.inet.InetAddresses] Is this a loopback interface? false
2023-01-07T13:44:09.750+0200 [DEBUG] [org.gradle.internal.remote.internal.inet.InetAddresses] Adding IP addresses for network interface Microsoft Wi-Fi Direct Virtual Adapter #4
2023-01-07T13:44:09.753+0200 [DEBUG] [org.gradle.internal.remote.internal.inet.InetAddresses] Is this a loopback interface? false
2023-01-07T13:44:09.753+0200 [DEBUG] [org.gradle.internal.remote.internal.inet.InetAddresses] Adding remote address /fe80:0:0:0:1bd4:7ca4:d988:440b%wlan2
2023-01-07T13:44:09.753+0200 [DEBUG] [org.gradle.internal.remote.internal.inet.InetAddresses] Adding IP addresses for network interface WAN Miniport (L2TP)
2023-01-07T13:44:09.756+0200 [DEBUG] [org.gradle.internal.remote.internal.inet.InetAddresses] Is this a loopback interface? false
2023-01-07T13:44:09.756+0200 [DEBUG] [org.gradle.internal.remote.internal.inet.InetAddresses] Adding IP addresses for network interface Microsoft Wi-Fi Direct Virtual Adapter
2023-01-07T13:44:09.759+0200 [DEBUG] [org.gradle.internal.remote.internal.inet.InetAddresses] Is this a loopback interface? false
2023-01-07T13:44:09.759+0200 [DEBUG] [org.gradle.internal.remote.internal.inet.InetAddresses] Adding IP addresses for network interface Bluetooth Device (Personal Area Network)
2023-01-07T13:44:09.762+0200 [DEBUG] [org.gradle.internal.remote.internal.inet.InetAddresses] Is this a loopback interface? false
2023-01-07T13:44:09.763+0200 [DEBUG] [org.gradle.internal.remote.internal.inet.InetAddresses] Adding remote address /fe80:0:0:0:bcb4:e795:cb59:90bb%eth3
2023-01-07T13:44:09.763+0200 [DEBUG] [org.gradle.internal.remote.internal.inet.InetAddresses] Adding IP addresses for network interface ASIX AX88179 USB 3.0 to Gigabit Ethernet Adapter
2023-01-07T13:44:09.766+0200 [DEBUG] [org.gradle.internal.remote.internal.inet.InetAddresses] Is this a loopback interface? false
2023-01-07T13:44:09.767+0200 [DEBUG] [org.gradle.internal.remote.internal.inet.InetAddresses] Adding IP addresses for network interface Microsoft Teredo Tunneling Adapter
2023-01-07T13:44:09.770+0200 [DEBUG] [org.gradle.internal.remote.internal.inet.InetAddresses] Is this a loopback interface? false
2023-01-07T13:44:09.770+0200 [DEBUG] [org.gradle.internal.remote.internal.inet.InetAddresses] Adding IP addresses for network interface WAN Miniport (IP)
2023-01-07T13:44:09.773+0200 [DEBUG] [org.gradle.internal.remote.internal.inet.InetAddresses] Is this a loopback interface? false
2023-01-07T13:44:09.773+0200 [DEBUG] [org.gradle.internal.remote.internal.inet.InetAddresses] Adding IP addresses for network interface Remote NDIS Compatible Device #3
2023-01-07T13:44:09.776+0200 [DEBUG] [org.gradle.internal.remote.internal.inet.InetAddresses] Is this a loopback interface? false
2023-01-07T13:44:09.776+0200 [DEBUG] [org.gradle.internal.remote.internal.inet.InetAddresses] Adding IP addresses for network interface WAN Miniport (PPPOE)
2023-01-07T13:44:09.778+0200 [DEBUG] [org.gradle.internal.remote.internal.inet.InetAddresses] Is this a loopback interface? false
2023-01-07T13:44:09.779+0200 [DEBUG] [org.gradle.internal.remote.internal.inet.InetAddresses] Adding IP addresses for network interface Microsoft Kernel Debug Network Adapter
2023-01-07T13:44:09.781+0200 [DEBUG] [org.gradle.internal.remote.internal.inet.InetAddresses] Is this a loopback interface? false
2023-01-07T13:44:09.781+0200 [DEBUG] [org.gradle.internal.remote.internal.inet.InetAddresses] Adding IP addresses for network interface Remote NDIS Compatible Device
2023-01-07T13:44:09.783+0200 [DEBUG] [org.gradle.internal.remote.internal.inet.InetAddresses] Is this a loopback interface? false
2023-01-07T13:44:09.784+0200 [DEBUG] [org.gradle.internal.remote.internal.inet.InetAddresses] Adding IP addresses for network interface WAN Miniport (IPv6)
2023-01-07T13:44:09.786+0200 [DEBUG] [org.gradle.internal.remote.internal.inet.InetAddresses] Is this a loopback interface? false
2023-01-07T13:44:09.787+0200 [DEBUG] [org.gradle.internal.remote.internal.inet.InetAddresses] Adding IP addresses for network interface RAS Async Adapter
2023-01-07T13:44:09.790+0200 [DEBUG] [org.gradle.internal.remote.internal.inet.InetAddresses] Is this a loopback interface? false
2023-01-07T13:44:09.790+0200 [DEBUG] [org.gradle.internal.remote.internal.inet.InetAddresses] Adding IP addresses for network interface WAN Miniport (PPTP)
2023-01-07T13:44:09.793+0200 [DEBUG] [org.gradle.internal.remote.internal.inet.InetAddresses] Is this a loopback interface? false
2023-01-07T13:44:09.794+0200 [DEBUG] [org.gradle.internal.remote.internal.inet.InetAddresses] Adding IP addresses for network interface MediaTek Wi-Fi 6 MT7921 Wireless LAN Card
2023-01-07T13:44:09.796+0200 [DEBUG] [org.gradle.internal.remote.internal.inet.InetAddresses] Is this a loopback interface? false
2023-01-07T13:44:09.797+0200 [DEBUG] [org.gradle.internal.remote.internal.inet.InetAddresses] Adding remote address /192.168.1.10
2023-01-07T13:44:09.797+0200 [DEBUG] [org.gradle.internal.remote.internal.inet.InetAddresses] Adding remote address /2a02:587:4640:b4de:5ac:9eeb:6a22:5b71
2023-01-07T13:44:09.797+0200 [DEBUG] [org.gradle.internal.remote.internal.inet.InetAddresses] Adding remote address /2a02:587:4640:b4de:1140:2dc5:38dd:1ecb
2023-01-07T13:44:09.797+0200 [DEBUG] [org.gradle.internal.remote.internal.inet.InetAddresses] Adding remote address /fe80:0:0:0:ca3f:50a3:31a9:c758%wlan4
2023-01-07T13:44:09.797+0200 [DEBUG] [org.gradle.internal.remote.internal.inet.InetAddresses] Adding IP addresses for network interface Kaspersky VPN
2023-01-07T13:44:09.800+0200 [DEBUG] [org.gradle.internal.remote.internal.inet.InetAddresses] Is this a loopback interface? false
2023-01-07T13:44:09.801+0200 [DEBUG] [org.gradle.internal.remote.internal.inet.InetAddresses] Adding remote address /fe80:0:0:0:b0ff:911a:90f9:9efc%net7
2023-01-07T13:44:09.801+0200 [DEBUG] [org.gradle.internal.remote.internal.inet.InetAddresses] Adding IP addresses for network interface MediaTek Wi-Fi 6 MT7921 Wireless LAN Card-WFP Native MAC Layer LightWeight Filter-0000
2023-01-07T13:44:09.804+0200 [DEBUG] [org.gradle.internal.remote.internal.inet.InetAddresses] Is this a loopback interface? false
2023-01-07T13:44:09.804+0200 [DEBUG] [org.gradle.internal.remote.internal.inet.InetAddresses] Adding IP addresses for network interface MediaTek Wi-Fi 6 MT7921 Wireless LAN Card-Virtual WiFi Filter Driver-0000
2023-01-07T13:44:09.807+0200 [DEBUG] [org.gradle.internal.remote.internal.inet.InetAddresses] Is this a loopback interface? false
2023-01-07T13:44:09.807+0200 [DEBUG] [org.gradle.internal.remote.internal.inet.InetAddresses] Adding IP addresses for network interface MediaTek Wi-Fi 6 MT7921 Wireless LAN Card-Native WiFi Filter Driver-0000
2023-01-07T13:44:09.810+0200 [DEBUG] [org.gradle.internal.remote.internal.inet.InetAddresses] Is this a loopback interface? false
2023-01-07T13:44:09.810+0200 [DEBUG] [org.gradle.internal.remote.internal.inet.InetAddresses] Adding IP addresses for network interface MediaTek Wi-Fi 6 MT7921 Wireless LAN Card-Kaspersky Lab NDIS 6 Filter-0000
2023-01-07T13:44:09.813+0200 [DEBUG] [org.gradle.internal.remote.internal.inet.InetAddresses] Is this a loopback interface? false
2023-01-07T13:44:09.813+0200 [DEBUG] [org.gradle.internal.remote.internal.inet.InetAddresses] Adding IP addresses for network interface MediaTek Wi-Fi 6 MT7921 Wireless LAN Card-QoS Packet Scheduler-0000
2023-01-07T13:44:09.816+0200 [DEBUG] [org.gradle.internal.remote.internal.inet.InetAddresses] Is this a loopback interface? false
2023-01-07T13:44:09.816+0200 [DEBUG] [org.gradle.internal.remote.internal.inet.InetAddresses] Adding IP addresses for network interface MediaTek Wi-Fi 6 MT7921 Wireless LAN Card-WFP 802.3 MAC Layer LightWeight Filter-0000
2023-01-07T13:44:09.819+0200 [DEBUG] [org.gradle.internal.remote.internal.inet.InetAddresses] Is this a loopback interface? false
2023-01-07T13:44:09.819+0200 [DEBUG] [org.gradle.internal.remote.internal.inet.InetAddresses] Adding IP addresses for network interface Microsoft Wi-Fi Direct Virtual Adapter #3-WFP Native MAC Layer LightWeight Filter-0000
2023-01-07T13:44:09.821+0200 [DEBUG] [org.gradle.internal.remote.internal.inet.InetAddresses] Is this a loopback interface? false
2023-01-07T13:44:09.822+0200 [DEBUG] [org.gradle.internal.remote.internal.inet.InetAddresses] Adding IP addresses for network interface Microsoft Wi-Fi Direct Virtual Adapter #3-Native WiFi Filter Driver-0000
2023-01-07T13:44:09.825+0200 [DEBUG] [org.gradle.internal.remote.internal.inet.InetAddresses] Is this a loopback interface? false
2023-01-07T13:44:09.825+0200 [DEBUG] [org.gradle.internal.remote.internal.inet.InetAddresses] Adding IP addresses for network interface Microsoft Wi-Fi Direct Virtual Adapter #3-Kaspersky Lab NDIS 6 Filter-0000
2023-01-07T13:44:09.828+0200 [DEBUG] [org.gradle.internal.remote.internal.inet.InetAddresses] Is this a loopback interface? false
2023-01-07T13:44:09.828+0200 [DEBUG] [org.gradle.internal.remote.internal.inet.InetAddresses] Adding IP addresses for network interface Microsoft Wi-Fi Direct Virtual Adapter #3-QoS Packet Scheduler-0000
2023-01-07T13:44:09.831+0200 [DEBUG] [org.gradle.internal.remote.internal.inet.InetAddresses] Is this a loopback interface? false
2023-01-07T13:44:09.831+0200 [DEBUG] [org.gradle.internal.remote.internal.inet.InetAddresses] Adding IP addresses for network interface Microsoft Wi-Fi Direct Virtual Adapter #3-WFP 802.3 MAC Layer LightWeight Filter-0000
2023-01-07T13:44:09.834+0200 [DEBUG] [org.gradle.internal.remote.internal.inet.InetAddresses] Is this a loopback interface? false
2023-01-07T13:44:09.834+0200 [DEBUG] [org.gradle.internal.remote.internal.inet.InetAddresses] Adding IP addresses for network interface Microsoft Wi-Fi Direct Virtual Adapter #4-WFP Native MAC Layer LightWeight Filter-0000
2023-01-07T13:44:09.837+0200 [DEBUG] [org.gradle.internal.remote.internal.inet.InetAddresses] Is this a loopback interface? false
2023-01-07T13:44:09.837+0200 [DEBUG] [org.gradle.internal.remote.internal.inet.InetAddresses] Adding IP addresses for network interface Microsoft Wi-Fi Direct Virtual Adapter #4-Native WiFi Filter Driver-0000
2023-01-07T13:44:09.840+0200 [DEBUG] [org.gradle.internal.remote.internal.inet.InetAddresses] Is this a loopback interface? false
2023-01-07T13:44:09.840+0200 [DEBUG] [org.gradle.internal.remote.internal.inet.InetAddresses] Adding IP addresses for network interface Microsoft Wi-Fi Direct Virtual Adapter #4-Kaspersky Lab NDIS 6 Filter-0000
2023-01-07T13:44:09.844+0200 [DEBUG] [org.gradle.internal.remote.internal.inet.InetAddresses] Is this a loopback interface? false
2023-01-07T13:44:09.844+0200 [DEBUG] [org.gradle.internal.remote.internal.inet.InetAddresses] Adding IP addresses for network interface Microsoft Wi-Fi Direct Virtual Adapter #4-QoS Packet Scheduler-0000
2023-01-07T13:44:09.847+0200 [DEBUG] [org.gradle.internal.remote.internal.inet.InetAddresses] Is this a loopback interface? false
2023-01-07T13:44:09.848+0200 [DEBUG] [org.gradle.internal.remote.internal.inet.InetAddresses] Adding IP addresses for network interface Microsoft Wi-Fi Direct Virtual Adapter #4-WFP 802.3 MAC Layer LightWeight Filter-0000
2023-01-07T13:44:09.851+0200 [DEBUG] [org.gradle.internal.remote.internal.inet.InetAddresses] Is this a loopback interface? false
2023-01-07T13:44:09.851+0200 [DEBUG] [org.gradle.internal.remote.internal.inet.InetAddresses] Adding IP addresses for network interface WAN Miniport (IP)-WFP Native MAC Layer LightWeight Filter-0000
2023-01-07T13:44:09.854+0200 [DEBUG] [org.gradle.internal.remote.internal.inet.InetAddresses] Is this a loopback interface? false
2023-01-07T13:44:09.854+0200 [DEBUG] [org.gradle.internal.remote.internal.inet.InetAddresses] Adding IP addresses for network interface WAN Miniport (IP)-Kaspersky Lab NDIS 6 Filter-0000
2023-01-07T13:44:09.857+0200 [DEBUG] [org.gradle.internal.remote.internal.inet.InetAddresses] Is this a loopback interface? false
2023-01-07T13:44:09.857+0200 [DEBUG] [org.gradle.internal.remote.internal.inet.InetAddresses] Adding IP addresses for network interface WAN Miniport (IP)-QoS Packet Scheduler-0000
2023-01-07T13:44:09.859+0200 [DEBUG] [org.gradle.internal.remote.internal.inet.InetAddresses] Is this a loopback interface? false
2023-01-07T13:44:09.860+0200 [DEBUG] [org.gradle.internal.remote.internal.inet.InetAddresses] Adding IP addresses for network interface WAN Miniport (IPv6)-WFP Native MAC Layer LightWeight Filter-0000
2023-01-07T13:44:09.862+0200 [DEBUG] [org.gradle.internal.remote.internal.inet.InetAddresses] Is this a loopback interface? false
2023-01-07T13:44:09.863+0200 [DEBUG] [org.gradle.internal.remote.internal.inet.InetAddresses] Adding IP addresses for network interface WAN Miniport (IPv6)-Kaspersky Lab NDIS 6 Filter-0000
2023-01-07T13:44:09.866+0200 [DEBUG] [org.gradle.internal.remote.internal.inet.InetAddresses] Is this a loopback interface? false
2023-01-07T13:44:09.866+0200 [DEBUG] [org.gradle.internal.remote.internal.inet.InetAddresses] Adding IP addresses for network interface WAN Miniport (IPv6)-QoS Packet Scheduler-0000
2023-01-07T13:44:09.868+0200 [DEBUG] [org.gradle.internal.remote.internal.inet.InetAddresses] Is this a loopback interface? false
2023-01-07T13:44:09.869+0200 [DEBUG] [org.gradle.internal.remote.internal.inet.InetAddresses] Adding IP addresses for network interface WAN Miniport (Network Monitor)-WFP Native MAC Layer LightWeight Filter-0000
2023-01-07T13:44:09.871+0200 [DEBUG] [org.gradle.internal.remote.internal.inet.InetAddresses] Is this a loopback interface? false
2023-01-07T13:44:09.871+0200 [DEBUG] [org.gradle.internal.remote.internal.inet.InetAddresses] Adding IP addresses for network interface WAN Miniport (Network Monitor)-Kaspersky Lab NDIS 6 Filter-0000
2023-01-07T13:44:09.873+0200 [DEBUG] [org.gradle.internal.remote.internal.inet.InetAddresses] Is this a loopback interface? false
2023-01-07T13:44:09.873+0200 [DEBUG] [org.gradle.internal.remote.internal.inet.InetAddresses] Adding IP addresses for network interface WAN Miniport (Network Monitor)-QoS Packet Scheduler-0000
2023-01-07T13:44:09.876+0200 [DEBUG] [org.gradle.internal.remote.internal.inet.InetAddresses] Is this a loopback interface? false
2023-01-07T13:44:09.878+0200 [DEBUG] [org.gradle.internal.remote.internal.inet.TcpIncomingConnector] Listening on [59b25cd3-d6eb-4f78-a6d8-14f3f9bc1cb9 port:62694, addresses:[localhost/127.0.0.1]].
2023-01-07T13:44:09.890+0200 [DEBUG] [org.gradle.launcher.daemon.server.Daemon] Daemon starting at: Sat Jan 07 13:44:09 EET 2023, with address: [59b25cd3-d6eb-4f78-a6d8-14f3f9bc1cb9 port:62694, addresses:[localhost/127.0.0.1]]
2023-01-07T13:44:09.891+0200 [INFO] [org.gradle.launcher.daemon.server.DaemonRegistryUpdater] Advertising the daemon address to the clients: [59b25cd3-d6eb-4f78-a6d8-14f3f9bc1cb9 port:62694, addresses:[localhost/127.0.0.1]]
2023-01-07T13:44:09.891+0200 [DEBUG] [org.gradle.launcher.daemon.server.DaemonRegistryUpdater] Advertised daemon context: DefaultDaemonContext[uid=0d362c98-5ce9-4031-b198-1d725444c457,javaHome=C:\Program Files\Android\Android Studio\jre,daemonRegistryDir=C:\Users\alexg\AndroidStudioProjects\geofenceApp\daemon,pid=20448,idleTimeout=10800000,priority=NORMAL,daemonOpts=--add-opens,java.base/java.util=ALL-UNNAMED,--add-opens,java.base/java.lang=ALL-UNNAMED,--add-opens,java.base/java.lang.invoke=ALL-UNNAMED,--add-opens,java.base/java.util=ALL-UNNAMED,--add-opens,java.prefs/java.util.prefs=ALL-UNNAMED,--add-opens,java.prefs/java.util.prefs=ALL-UNNAMED,--add-opens,java.base/java.nio.charset=ALL-UNNAMED,--add-opens,java.base/java.net=ALL-UNNAMED,--add-opens,java.base/java.util.concurrent.atomic=ALL-UNNAMED,-Xmx2048m,-Dfile.encoding=UTF-8,-Duser.country=US,-Duser.language=en,-Duser.variant]
2023-01-07T13:44:09.892+0200 [DEBUG] [org.gradle.launcher.daemon.registry.PersistentDaemonRegistry] Storing daemon address: [59b25cd3-d6eb-4f78-a6d8-14f3f9bc1cb9 port:62694, addresses:[localhost/127.0.0.1]], context: DefaultDaemonContext[uid=0d362c98-5ce9-4031-b198-1d725444c457,javaHome=C:\Program Files\Android\Android Studio\jre,daemonRegistryDir=C:\Users\alexg\AndroidStudioProjects\geofenceApp\daemon,pid=20448,idleTimeout=10800000,priority=NORMAL,daemonOpts=--add-opens,java.base/java.util=ALL-UNNAMED,--add-opens,java.base/java.lang=ALL-UNNAMED,--add-opens,java.base/java.lang.invoke=ALL-UNNAMED,--add-opens,java.base/java.util=ALL-UNNAMED,--add-opens,java.prefs/java.util.prefs=ALL-UNNAMED,--add-opens,java.prefs/java.util.prefs=ALL-UNNAMED,--add-opens,java.base/java.nio.charset=ALL-UNNAMED,--add-opens,java.base/java.net=ALL-UNNAMED,--add-opens,java.base/java.util.concurrent.atomic=ALL-UNNAMED,-Xmx2048m,-Dfile.encoding=UTF-8,-Duser.country=US,-Duser.language=en,-Duser.variant]
2023-01-07T13:44:09.902+0200 [DEBUG] [org.gradle.cache.internal.DefaultFileLockManager] Waiting to acquire exclusive lock on daemon addresses registry.
2023-01-07T13:44:09.908+0200 [DEBUG] [org.gradle.cache.internal.DefaultFileLockManager] Lock acquired on daemon addresses registry.
2023-01-07T13:44:09.920+0200 [DEBUG] [org.gradle.cache.internal.DefaultFileLockManager] Releasing lock on daemon addresses registry.
2023-01-07T13:44:09.921+0200 [LIFECYCLE] [org.gradle.launcher.daemon.server.Daemon] Daemon server started.
2023-01-07T13:44:09.923+0200 [DEBUG] [org.gradle.launcher.daemon.bootstrap.DaemonStartupCommunication] Completed writing the daemon greeting. Closing streams...
2023-01-07T13:44:09.929+0200 [DEBUG] [org.gradle.launcher.daemon.server.Daemon] stopOnExpiration() called on daemon
2023-01-07T13:44:09.930+0200 [DEBUG] [org.gradle.launcher.daemon.server.Daemon] awaitExpiration() called on daemon
2023-01-07T13:44:09.931+0200 [DEBUG] [org.gradle.launcher.daemon.server.DaemonStateCoordinator] daemon is running. Sleeping until state changes.
2023-01-07T13:44:09.936+0200 [DEBUG] [org.gradle.internal.remote.internal.inet.TcpIncomingConnector] Accepted connection from /127.0.0.1:62695 to /127.0.0.1:62694.
2023-01-07T13:44:10.003+0200 [DEBUG] [org.gradle.launcher.daemon.server.SynchronizedDispatchConnection] thread 20: received class org.gradle.launcher.daemon.protocol.Build
2023-01-07T13:44:10.004+0200 [DEBUG] [org.gradle.launcher.daemon.server.DefaultDaemonConnection] thread 20: Received non-IO message from client: Build{id=0c19dc54-5bb1-4982-ac7e-f108211c8ffb, currentDir=C:\Users\alexg\AndroidStudioProjects\geofenceApp}
2023-01-07T13:44:10.005+0200 [INFO] [org.gradle.launcher.daemon.server.DefaultIncomingConnectionHandler] Received command: Build{id=0c19dc54-5bb1-4982-ac7e-f108211c8ffb, currentDir=C:\Users\alexg\AndroidStudioProjects\geofenceApp}.
2023-01-07T13:44:10.005+0200 [DEBUG] [org.gradle.launcher.daemon.server.DefaultIncomingConnectionHandler] Starting executing command: Build{id=0c19dc54-5bb1-4982-ac7e-f108211c8ffb, currentDir=C:\Users\alexg\AndroidStudioProjects\geofenceApp} with connection: socket connection from /127.0.0.1:62694 to /127.0.0.1:62695.
2023-01-07T13:44:10.009+0200 [DEBUG] [org.gradle.launcher.daemon.server.DaemonStateCoordinator] Command execution: started DaemonCommandExecution[command = Build{id=0c19dc54-5bb1-4982-ac7e-f108211c8ffb, currentDir=C:\Users\alexg\AndroidStudioProjects\geofenceApp}, connection = DefaultDaemonConnection: socket connection from /127.0.0.1:62694 to /127.0.0.1:62695] after 0.0 minutes of idle
2023-01-07T13:44:10.010+0200 [INFO] [org.gradle.launcher.daemon.server.DaemonRegistryUpdater] Marking the daemon as busy, address: [59b25cd3-d6eb-4f78-a6d8-14f3f9bc1cb9 port:62694, addresses:[localhost/127.0.0.1]]
2023-01-07T13:44:10.010+0200 [DEBUG] [org.gradle.launcher.daemon.registry.PersistentDaemonRegistry] Marking busy by address: [59b25cd3-d6eb-4f78-a6d8-14f3f9bc1cb9 port:62694, addresses:[localhost/127.0.0.1]]
2023-01-07T13:44:10.011+0200 [DEBUG] [org.gradle.cache.internal.DefaultFileLockManager] Waiting to acquire exclusive lock on daemon addresses registry.
2023-01-07T13:44:10.012+0200 [DEBUG] [org.gradle.cache.internal.DefaultFileLockManager] Lock acquired on daemon addresses registry.
2023-01-07T13:44:10.013+0200 [DEBUG] [org.gradle.cache.internal.DefaultFileLockManager] Releasing lock on daemon addresses registry.
2023-01-07T13:44:10.014+0200 [DEBUG] [org.gradle.launcher.daemon.server.DaemonStateCoordinator] resetting idle timer
2023-01-07T13:44:10.014+0200 [DEBUG] [org.gradle.launcher.daemon.server.DaemonStateCoordinator] daemon is running. Sleeping until state changes.
2023-01-07T13:44:10.024+0200 [INFO] [org.gradle.launcher.daemon.server.exec.StartBuildOrRespondWithBusy] Daemon is about to start building Build{id=0c19dc54-5bb1-4982-ac7e-f108211c8ffb, currentDir=C:\Users\alexg\AndroidStudioProjects\geofenceApp}. Dispatching build started information...
2023-01-07T13:44:10.026+0200 [DEBUG] [org.gradle.launcher.daemon.server.SynchronizedDispatchConnection] thread 22: dispatching org.gradle.launcher.daemon.protocol.BuildStarted@7dfad1fb
2023-01-07T13:44:10.029+0200 [DEBUG] [org.gradle.launcher.daemon.server.SynchronizedDispatchConnection] thread 20: received class org.gradle.launcher.daemon.protocol.CloseInput
2023-01-07T13:44:10.029+0200 [DEBUG] [org.gradle.launcher.daemon.server.DefaultDaemonConnection] thread 20: Received IO message from client: org.gradle.launcher.daemon.protocol.CloseInput@4d867882
2023-01-07T13:44:10.030+0200 [DEBUG] [org.gradle.launcher.daemon.server.exec.EstablishBuildEnvironment] Configuring env variables: [USERDOMAIN_ROAMINGPROFILE, LOCALAPPDATA, PROCESSOR_LEVEL, USERDOMAIN, FPS_BROWSER_APP_PROFILE_STRING, LOGONSERVER, JAVA_HOME, SESSIONNAME, ALLUSERSPROFILE, PROCESSOR_ARCHITECTURE, PSModulePath, SystemDrive, OneDrive, MAVEN_HOME, APPDATA, USERNAME, ProgramFiles(x86), CommonProgramFiles, Path, FPS_BROWSER_USER_PROFILE_STRING, PyCharm, PATHEXT, DriverData, OS, OneDriveConsumer, COMPUTERNAME, PROCESSOR_REVISION, CommonProgramW6432, ComSpec, ProgramData, ProgramW6432, TEMP, HOMEPATH, SystemRoot, PROCESSOR_IDENTIFIER, HOMEDRIVE, USERPROFILE, TMP, CommonProgramFiles(x86), ProgramFiles, PUBLIC, windir, NUMBER_OF_PROCESSORS, =::, IDEA_INITIAL_DIRECTORY]
2023-01-07T13:44:10.039+0200 [DEBUG] [org.gradle.launcher.daemon.server.exec.LogToClient] About to start relaying all logs to the client via the connection.
2023-01-07T13:44:10.039+0200 [INFO] [org.gradle.launcher.daemon.server.exec.LogToClient] The client will now receive all logging from the daemon (pid: 20448). The daemon log file: C:\Users\alexg\AndroidStudioProjects\geofenceApp\daemon\7.4\daemon-20448.out.log
2023-01-07T13:44:10.042+0200 [INFO] [org.gradle.launcher.daemon.server.exec.LogAndCheckHealth] Starting build in new daemon [memory: 2 GiB]
2023-01-07T13:44:10.044+0200 [INFO] [org.gradle.launcher.daemon.server.exec.ForwardClientInput] Closing daemon's stdin at end of input.
2023-01-07T13:44:10.044+0200 [INFO] [org.gradle.launcher.daemon.server.exec.ForwardClientInput] The daemon will no longer process any standard input.
2023-01-07T13:44:10.050+0200 [DEBUG] [org.gradle.launcher.daemon.server.exec.ExecuteBuild] The daemon has started executing the build.
2023-01-07T13:44:10.051+0200 [DEBUG] [org.gradle.launcher.daemon.server.exec.ExecuteBuild] Executing build with daemon context: DefaultDaemonContext[uid=0d362c98-5ce9-4031-b198-1d725444c457,javaHome=C:\Program Files\Android\Android Studio\jre,daemonRegistryDir=C:\Users\alexg\AndroidStudioProjects\geofenceApp\daemon,pid=20448,idleTimeout=10800000,priority=NORMAL,daemonOpts=--add-opens,java.base/java.util=ALL-UNNAMED,--add-opens,java.base/java.lang=ALL-UNNAMED,--add-opens,java.base/java.lang.invoke=ALL-UNNAMED,--add-opens,java.base/java.util=ALL-UNNAMED,--add-opens,java.prefs/java.util.prefs=ALL-UNNAMED,--add-opens,java.prefs/java.util.prefs=ALL-UNNAMED,--add-opens,java.base/java.nio.charset=ALL-UNNAMED,--add-opens,java.base/java.net=ALL-UNNAMED,--add-opens,java.base/java.util.concurrent.atomic=ALL-UNNAMED,-Xmx2048m,-Dfile.encoding=UTF-8,-Duser.country=US,-Duser.language=en,-Duser.variant]
package="com.it22019.geofenceapp" found in source AndroidManifest.xml: C:\Users\alexg\AndroidStudioProjects\geofenceApp\app\src\main\AndroidManifest.xml.
Setting the namespace via a source AndroidManifest.xml's package attribute is deprecated.
Please instead set the namespace (or testNamespace) in the module's build.gradle file, as described here: https://developer.android.com/studio/build/configure-app-module#set-namespace
This migration can be done automatically using the AGP Upgrade Assistant, please refer to https://developer.android.com/studio/build/agp-upgrade-assistant for more information.

BUILD SUCCESSFUL in 38s
34 actionable tasks: 13 executed, 21 up-to-date
2023-01-07T13:44:45.494+0200 [DEBUG] [org.gradle.launcher.daemon.server.exec.ExecuteBuild] The daemon has finished executing the build.
2023-01-07T13:44:45.512+0200 [DEBUG] [org.gradle.launcher.daemon.server.DaemonStateCoordinator] daemon is running. Sleeping until state changes.
2023-01-07T13:44:45.513+0200 [DEBUG] [org.gradle.launcher.daemon.server.DaemonStateCoordinator] Command execution: finished waiting for DaemonCommandExecution[command = Build{id=0c19dc54-5bb1-4982-ac7e-f108211c8ffb, currentDir=C:\Users\alexg\AndroidStudioProjects\geofenceApp}, connection = DefaultDaemonConnection: socket connection from /127.0.0.1:62694 to /127.0.0.1:62695]. Result org.gradle.launcher.daemon.server.DaemonStateCoordinator@34cd9300 with state Busy
2023-01-07T13:44:45.513+0200 [DEBUG] [org.gradle.launcher.daemon.server.DaemonStateCoordinator] Command execution: completed DaemonCommandExecution[command = Build{id=0c19dc54-5bb1-4982-ac7e-f108211c8ffb, currentDir=C:\Users\alexg\AndroidStudioProjects\geofenceApp}, connection = DefaultDaemonConnection: socket connection from /127.0.0.1:62694 to /127.0.0.1:62695]
2023-01-07T13:44:45.513+0200 [DEBUG] [org.gradle.launcher.daemon.server.DaemonStateCoordinator] resetting idle timer
2023-01-07T13:44:45.514+0200 [INFO] [org.gradle.launcher.daemon.server.DaemonRegistryUpdater] Marking the daemon as idle, address: [59b25cd3-d6eb-4f78-a6d8-14f3f9bc1cb9 port:62694, addresses:[localhost/127.0.0.1]]
2023-01-07T13:44:45.514+0200 [DEBUG] [org.gradle.launcher.daemon.registry.PersistentDaemonRegistry] Marking busy by address: [59b25cd3-d6eb-4f78-a6d8-14f3f9bc1cb9 port:62694, addresses:[localhost/127.0.0.1]]
2023-01-07T13:44:45.515+0200 [DEBUG] [org.gradle.cache.internal.DefaultFileLockManager] Waiting to acquire exclusive lock on daemon addresses registry.
2023-01-07T13:44:45.516+0200 [DEBUG] [org.gradle.cache.internal.DefaultFileLockManager] Lock acquired on daemon addresses registry.
2023-01-07T13:44:45.517+0200 [DEBUG] [org.gradle.cache.internal.DefaultFileLockManager] Releasing lock on daemon addresses registry.
2023-01-07T13:44:45.518+0200 [DEBUG] [org.gradle.launcher.daemon.server.DaemonStateCoordinator] daemon is running. Sleeping until state changes.
2023-01-07T13:44:45.518+0200 [DEBUG] [org.gradle.launcher.daemon.server.exec.ReturnResult] Daemon is dispatching the build result: Success[value=org.gradle.launcher.exec.BuildActionResult@6c025779]
2023-01-07T13:44:45.519+0200 [DEBUG] [org.gradle.launcher.daemon.server.SynchronizedDispatchConnection] thread 19: dispatching Success[value=org.gradle.launcher.exec.BuildActionResult@6c025779]
2023-01-07T13:44:45.520+0200 [DEBUG] [org.gradle.launcher.daemon.server.DefaultIncomingConnectionHandler] Finishing executing command: Build{id=0c19dc54-5bb1-4982-ac7e-f108211c8ffb, currentDir=C:\Users\alexg\AndroidStudioProjects\geofenceApp}
2023-01-07T13:44:45.520+0200 [DEBUG] [org.gradle.launcher.daemon.server.SynchronizedDispatchConnection] thread 20: received class org.gradle.launcher.daemon.protocol.Finished
2023-01-07T13:44:45.520+0200 [DEBUG] [org.gradle.launcher.daemon.server.DefaultDaemonConnection] thread 20: Received non-IO message from client: org.gradle.launcher.daemon.protocol.Finished@717b5370
2023-01-07T13:44:45.520+0200 [DEBUG] [org.gradle.launcher.daemon.server.DefaultIncomingConnectionHandler] Received finished message: org.gradle.launcher.daemon.protocol.Finished@717b5370
2023-01-07T13:44:45.521+0200 [DEBUG] [org.gradle.launcher.daemon.server.SynchronizedDispatchConnection] thread 19: stopping connection
2023-01-07T13:44:45.521+0200 [DEBUG] [org.gradle.internal.remote.internal.inet.SocketConnection] Discarding EOFException: java.io.EOFException
2023-01-07T13:44:45.522+0200 [DEBUG] [org.gradle.launcher.daemon.server.SynchronizedDispatchConnection] thread 20: received null
2023-01-07T13:44:45.522+0200 [DEBUG] [org.gradle.launcher.daemon.server.DefaultDaemonConnection] thread 20: Received end-of-input from client.
2023-01-07T13:44:45.524+0200 [DEBUG] [org.gradle.launcher.daemon.server.SynchronizedDispatchConnection] thread 19: stopping connection
2023-01-07T13:44:49.835+0200 [DEBUG] [org.gradle.process.internal.health.memory.DefaultMemoryManager] 793125273 memory requested, 288149504 free
2023-01-07T13:44:49.835+0200 [DEBUG] [org.gradle.workers.internal.WorkerDaemonExpiration] Will attempt to release 756 of memory
2023-01-07T13:44:49.835+0200 [DEBUG] [org.gradle.process.internal.health.memory.DefaultMemoryManager] 793125273 memory requested, 0 released, 288149504 free
2023-01-07T13:44:49.941+0200 [DEBUG] [org.gradle.cache.internal.DefaultFileLockManager] Waiting to acquire shared lock on daemon addresses registry.
2023-01-07T13:44:49.941+0200 [DEBUG] [org.gradle.cache.internal.DefaultFileLockManager] Lock acquired on daemon addresses registry.
2023-01-07T13:44:49.942+0200 [DEBUG] [org.gradle.cache.internal.DefaultFileLockManager] Releasing lock on daemon addresses registry.
2023-01-07T13:44:49.944+0200 [DEBUG] [org.gradle.cache.internal.DefaultFileLockManager] Waiting to acquire shared lock on daemon addresses registry.
2023-01-07T13:44:49.944+0200 [DEBUG] [org.gradle.cache.internal.DefaultFileLockManager] Lock acquired on daemon addresses registry.
2023-01-07T13:44:49.944+0200 [DEBUG] [org.gradle.cache.internal.DefaultFileLockManager] Releasing lock on daemon addresses registry.
2023-01-07T13:44:51.400+0200 [DEBUG] [org.gradle.cache.internal.LockOnDemandCrossProcessCacheAccess] Lock on artifact cache (C:\Users\alexg\AndroidStudioProjects\geofenceApp\caches\modules-2) requested by another process - releasing lock.
2023-01-07T13:44:51.400+0200 [DEBUG] [org.gradle.cache.internal.LockOnDemandCrossProcessCacheAccess] Releasing file lock for artifact cache (C:\Users\alexg\AndroidStudioProjects\geofenceApp\caches\modules-2)
2023-01-07T13:44:51.400+0200 [DEBUG] [org.gradle.cache.internal.btree.BTreePersistentIndexedCache] Closing cache module-metadata.bin (C:\Users\alexg\AndroidStudioProjects\geofenceApp\caches\modules-2\metadata-2.97\module-metadata.bin)
2023-01-07T13:44:51.401+0200 [DEBUG] [org.gradle.cache.internal.btree.BTreePersistentIndexedCache] Closing cache module-artifact.bin (C:\Users\alexg\AndroidStudioProjects\geofenceApp\caches\modules-2\metadata-2.97\module-artifact.bin)
2023-01-07T13:44:51.401+0200 [DEBUG] [org.gradle.cache.internal.DefaultFileLockManager] Releasing lock on artifact cache (C:\Users\alexg\AndroidStudioProjects\geofenceApp\caches\modules-2).
2023-01-07T13:44:51.402+0200 [DEBUG] [org.gradle.cache.internal.locklistener.FileLockCommunicator] Confirming lock release to Gradle process at port 58647 for lock with id 3288741750197558302.
2023-01-07T13:44:51.403+0200 [DEBUG] [org.gradle.cache.internal.locklistener.FileLockCommunicator] Confirming lock release to Gradle process at port 58647 for lock with id 3288741750197558302.
2023-01-07T13:44:51.608+0200 [DEBUG] [org.gradle.cache.internal.LockOnDemandCrossProcessCacheAccess] Lock on journal cache (C:\Users\alexg\AndroidStudioProjects\geofenceApp\caches\journal-1) requested by another process - releasing lock.
2023-01-07T13:44:51.609+0200 [DEBUG] [org.gradle.cache.internal.LockOnDemandCrossProcessCacheAccess] Releasing file lock for journal cache (C:\Users\alexg\AndroidStudioProjects\geofenceApp\caches\journal-1)
2023-01-07T13:44:51.610+0200 [DEBUG] [org.gradle.cache.internal.btree.BTreePersistentIndexedCache] Closing cache file-access.bin (C:\Users\alexg\AndroidStudioProjects\geofenceApp\caches\journal-1\file-access.bin)
2023-01-07T13:44:51.611+0200 [DEBUG] [org.gradle.cache.internal.DefaultFileLockManager] Releasing lock on journal cache (C:\Users\alexg\AndroidStudioProjects\geofenceApp\caches\journal-1).
2023-01-07T13:44:51.613+0200 [DEBUG] [org.gradle.cache.internal.locklistener.FileLockCommunicator] Confirming lock release to Gradle process at port 58647 for lock with id -1470367253370159868.
2023-01-07T13:44:51.613+0200 [DEBUG] [org.gradle.cache.internal.locklistener.FileLockCommunicator] Confirming lock release to Gradle process at port 58647 for lock with id -1470367253370159868.
2023-01-07T13:44:51.698+0200 [DEBUG] [org.gradle.cache.internal.LockOnDemandCrossProcessCacheAccess] Lock on file hash cache (C:\Users\alexg\AndroidStudioProjects\geofenceApp\caches\7.4\fileHashes) requested by another process - releasing lock.
2023-01-07T13:44:51.698+0200 [DEBUG] [org.gradle.cache.internal.LockOnDemandCrossProcessCacheAccess] Releasing file lock for file hash cache (C:\Users\alexg\AndroidStudioProjects\geofenceApp\caches\7.4\fileHashes)
2023-01-07T13:44:51.699+0200 [DEBUG] [org.gradle.cache.internal.btree.BTreePersistentIndexedCache] Closing cache fileHashes.bin (C:\Users\alexg\AndroidStudioProjects\geofenceApp\caches\7.4\fileHashes\fileHashes.bin)
2023-01-07T13:44:51.699+0200 [DEBUG] [org.gradle.cache.internal.btree.BTreePersistentIndexedCache] Closing cache resourceHashesCache.bin (C:\Users\alexg\AndroidStudioProjects\geofenceApp\caches\7.4\fileHashes\resourceHashesCache.bin)
2023-01-07T13:44:51.699+0200 [DEBUG] [org.gradle.cache.internal.DefaultFileLockManager] Releasing lock on file hash cache (C:\Users\alexg\AndroidStudioProjects\geofenceApp\caches\7.4\fileHashes).
2023-01-07T13:44:51.701+0200 [DEBUG] [org.gradle.cache.internal.locklistener.FileLockCommunicator] Confirming lock release to Gradle process at port 58647 for lock with id 1937282480082641689.
2023-01-07T13:44:51.702+0200 [DEBUG] [org.gradle.cache.internal.locklistener.FileLockCommunicator] Confirming lock release to Gradle process at port 58647 for lock with id 1937282480082641689.
2023-01-07T13:44:52.863+0200 [DEBUG] [org.gradle.cache.internal.LockOnDemandCrossProcessCacheAccess] Lock on Artifact transforms cache (C:\Users\alexg\AndroidStudioProjects\geofenceApp\caches\transforms-3) requested by another process - releasing lock.
2023-01-07T13:44:52.863+0200 [DEBUG] [org.gradle.cache.internal.LockOnDemandCrossProcessCacheAccess] Releasing file lock for Artifact transforms cache (C:\Users\alexg\AndroidStudioProjects\geofenceApp\caches\transforms-3)
2023-01-07T13:44:52.863+0200 [DEBUG] [org.gradle.cache.internal.DefaultFileLockManager] Releasing lock on Artifact transforms cache (C:\Users\alexg\AndroidStudioProjects\geofenceApp\caches\transforms-3).
2023-01-07T13:44:52.864+0200 [DEBUG] [org.gradle.cache.internal.locklistener.FileLockCommunicator] Confirming lock release to Gradle process at port 58647 for lock with id 6174187080865014537.
2023-01-07T13:44:52.864+0200 [DEBUG] [org.gradle.cache.internal.locklistener.FileLockCommunicator] Confirming lock release to Gradle process at port 58647 for lock with id 6174187080865014537.
2023-01-07T13:44:52.870+0200 [DEBUG] [org.gradle.cache.internal.LockOnDemandCrossProcessCacheAccess] Lock on execution history cache (C:\Users\alexg\AndroidStudioProjects\geofenceApp\caches\7.4\executionHistory) requested by another process - releasing lock.
2023-01-07T13:44:52.871+0200 [DEBUG] [org.gradle.cache.internal.LockOnDemandCrossProcessCacheAccess] Releasing file lock for execution history cache (C:\Users\alexg\AndroidStudioProjects\geofenceApp\caches\7.4\executionHistory)
2023-01-07T13:44:52.871+0200 [DEBUG] [org.gradle.cache.internal.btree.BTreePersistentIndexedCache] Closing cache executionHistory.bin (C:\Users\alexg\AndroidStudioProjects\geofenceApp\caches\7.4\executionHistory\executionHistory.bin)
2023-01-07T13:44:52.871+0200 [DEBUG] [org.gradle.cache.internal.DefaultFileLockManager] Releasing lock on execution history cache (C:\Users\alexg\AndroidStudioProjects\geofenceApp\caches\7.4\executionHistory).
2023-01-07T13:44:52.873+0200 [DEBUG] [org.gradle.cache.internal.locklistener.FileLockCommunicator] Confirming lock release to Gradle process at port 58647 for lock with id -7537431230347159553.
2023-01-07T13:44:52.873+0200 [DEBUG] [org.gradle.cache.internal.locklistener.FileLockCommunicator] Confirming lock release to Gradle process at port 58647 for lock with id -7537431230347159553.
2023-01-07T13:44:53.388+0200 [DEBUG] [org.gradle.internal.watch.vfs.impl.WatchingVirtualFileSystem] Handling VFS change REMOVED C:\Users\alexg\AndroidStudioProjects\geofenceApp\app\build\intermediates\manifest_merge_blame_file\debug\manifest-merger-blame-debug-report.txt
2023-01-07T13:44:53.388+0200 [DEBUG] [org.gradle.internal.watch.vfs.impl.WatchingVirtualFileSystem] Handling VFS change REMOVED C:\Users\alexg\AndroidStudioProjects\geofenceApp\app\build\intermediates\merged_manifest\debug\AndroidManifest.xml
2023-01-07T13:44:53.389+0200 [DEBUG] [org.gradle.internal.watch.vfs.impl.WatchingVirtualFileSystem] Handling VFS change REMOVED C:\Users\alexg\AndroidStudioProjects\geofenceApp\app\build\outputs\logs\manifest-merger-debug-report.txt
2023-01-07T13:44:53.761+0200 [DEBUG] [org.gradle.internal.watch.vfs.impl.WatchingVirtualFileSystem] Handling VFS change REMOVED C:\Users\alexg\AndroidStudioProjects\geofenceApp\app\build\intermediates\merged_manifests\debug\AndroidManifest.xml
2023-01-07T13:44:53.762+0200 [DEBUG] [org.gradle.internal.watch.vfs.impl.WatchingVirtualFileSystem] Handling VFS change REMOVED C:\Users\alexg\AndroidStudioProjects\geofenceApp\app\build\intermediates\merged_manifests\debug\output-metadata.json
2023-01-07T13:44:54.463+0200 [DEBUG] [org.gradle.internal.watch.vfs.impl.WatchingVirtualFileSystem] Handling VFS change REMOVED C:\Users\alexg\AndroidStudioProjects\geofenceApp\app\build\intermediates\packaged_manifests\debug\AndroidManifest.xml
2023-01-07T13:44:54.463+0200 [DEBUG] [org.gradle.internal.watch.vfs.impl.WatchingVirtualFileSystem] Handling VFS change REMOVED C:\Users\alexg\AndroidStudioProjects\geofenceApp\app\build\intermediates\packaged_manifests\debug\output-metadata.json
2023-01-07T13:44:54.844+0200 [DEBUG] [org.gradle.process.internal.health.memory.DefaultMemoryManager] 793125273 memory requested, 144584704 free
2023-01-07T13:44:54.845+0200 [DEBUG] [org.gradle.workers.internal.WorkerDaemonExpiration] Will attempt to release 756 of memory
2023-01-07T13:44:54.846+0200 [DEBUG] [org.gradle.process.internal.health.memory.DefaultMemoryManager] 793125273 memory requested, 0 released, 144584704 free
2023-01-07T13:44:55.109+0200 [DEBUG] [org.gradle.internal.watch.vfs.impl.WatchingVirtualFileSystem] Handling VFS change MODIFIED C:\Users\alexg\AndroidStudioProjects\geofenceApp\app\build\intermediates\compile_and_runtime_not_namespaced_r_class_jar\debug\R.jar
2023-01-07T13:44:55.111+0200 [DEBUG] [org.gradle.internal.watch.vfs.impl.WatchingVirtualFileSystem] Handling VFS change MODIFIED C:\Users\alexg\AndroidStudioProjects\geofenceApp\app\build\intermediates\processed_res\debug\out\output-metadata.json
2023-01-07T13:44:55.112+0200 [DEBUG] [org.gradle.internal.watch.vfs.impl.WatchingVirtualFileSystem] Handling VFS change MODIFIED C:\Users\alexg\AndroidStudioProjects\geofenceApp\app\build\intermediates\processed_res\debug\out\resources-debug.ap_
2023-01-07T13:44:55.113+0200 [DEBUG] [org.gradle.internal.watch.vfs.impl.WatchingVirtualFileSystem] Handling VFS change MODIFIED C:\Users\alexg\AndroidStudioProjects\geofenceApp\app\build\intermediates\symbol_list_with_package_name\debug\package-aware-r.txt
2023-01-07T13:44:55.114+0200 [DEBUG] [org.gradle.internal.watch.vfs.impl.WatchingVirtualFileSystem] Handling VFS change MODIFIED C:\Users\alexg\AndroidStudioProjects\geofenceApp\app\build\intermediates\runtime_symbol_list\debug\R.txt
2023-01-07T13:44:58.648+0200 [DEBUG] [org.gradle.internal.watch.vfs.impl.WatchingVirtualFileSystem] Handling VFS change MODIFIED C:\Users\alexg\AndroidStudioProjects\geofenceApp\app\build\outputs\apk\debug\output-metadata.json
2023-01-07T13:44:58.651+0200 [DEBUG] [org.gradle.internal.watch.vfs.impl.WatchingVirtualFileSystem] Handling VFS change MODIFIED C:\Users\alexg\AndroidStudioProjects\geofenceApp\app\build\intermediates\incremental\packageDebug\tmp\debug\zip-cache\javaResources0
2023-01-07T13:44:58.654+0200 [DEBUG] [org.gradle.internal.watch.vfs.impl.WatchingVirtualFileSystem] Handling VFS change MODIFIED C:\Users\alexg\AndroidStudioProjects\geofenceApp\app\build\intermediates\incremental\packageDebug\tmp\debug\dex-renamer-state.txt
2023-01-07T13:44:58.655+0200 [DEBUG] [org.gradle.internal.watch.vfs.impl.WatchingVirtualFileSystem] Handling VFS change MODIFIED C:\Users\alexg\AndroidStudioProjects\geofenceApp\app\build\intermediates\incremental\packageDebug\tmp\debug\zip-cache\androidResources
2023-01-07T13:44:58.659+0200 [DEBUG] [org.gradle.internal.watch.vfs.impl.WatchingVirtualFileSystem] Handling VFS change REMOVED C:\Users\alexg\AndroidStudioProjects\geofenceApp\app\build\intermediates\incremental\packageDebug\tmp\debug\zip-cache
2023-01-07T13:44:58.662+0200 [DEBUG] [org.gradle.internal.watch.vfs.impl.WatchingVirtualFileSystem] Handling VFS change REMOVED C:\Users\alexg\AndroidStudioProjects\geofenceApp\app\build\intermediates\incremental\packageDebug\tmp\debug
2023-01-07T13:44:58.663+0200 [DEBUG] [org.gradle.internal.watch.vfs.impl.WatchingVirtualFileSystem] Handling VFS change MODIFIED C:\Users\alexg\AndroidStudioProjects\geofenceApp\app\build\outputs\apk\debug\app-debug.apk
2023-01-07T13:44:58.665+0200 [DEBUG] [org.gradle.internal.watch.vfs.impl.WatchingVirtualFileSystem] Handling VFS change REMOVED C:\Users\alexg\AndroidStudioProjects\geofenceApp\app\build\outputs\apk\debug
2023-01-07T13:44:59.848+0200 [DEBUG] [org.gradle.process.internal.health.memory.DefaultMemoryManager] 793125273 memory requested, 51249152 free
2023-01-07T13:44:59.849+0200 [DEBUG] [org.gradle.workers.internal.WorkerDaemonExpiration] Will attempt to release 756 of memory
2023-01-07T13:44:59.849+0200 [DEBUG] [org.gradle.process.internal.health.memory.DefaultMemoryManager] 793125273 memory requested, 0 released, 51249152 free
2023-01-07T13:44:59.953+0200 [DEBUG] [org.gradle.cache.internal.DefaultFileLockManager] Waiting to acquire shared lock on daemon addresses registry.
2023-01-07T13:44:59.953+0200 [DEBUG] [org.gradle.cache.internal.DefaultFileLockManager] Lock acquired on daemon addresses registry.
2023-01-07T13:44:59.962+0200 [DEBUG] [org.gradle.cache.internal.DefaultFileLockManager] Releasing lock on daemon addresses registry.
2023-01-07T13:44:59.966+0200 [DEBUG] [org.gradle.cache.internal.DefaultFileLockManager] Waiting to acquire shared lock on daemon addresses registry.
2023-01-07T13:44:59.967+0200 [DEBUG] [org.gradle.cache.internal.DefaultFileLockManager] Lock acquired on daemon addresses registry.
2023-01-07T13:44:59.968+0200 [DEBUG] [org.gradle.cache.internal.DefaultFileLockManager] Releasing lock on daemon addresses registry.
2023-01-07T13:44:59.970+0200 [DEBUG] [org.gradle.cache.internal.DefaultFileLockManager] Waiting to acquire shared lock on daemon addresses registry.
2023-01-07T13:44:59.971+0200 [DEBUG] [org.gradle.cache.internal.DefaultFileLockManager] Lock acquired on daemon addresses registry.
2023-01-07T13:44:59.977+0200 [DEBUG] [org.gradle.cache.internal.DefaultFileLockManager] Releasing lock on daemon addresses registry.
2023-01-07T13:45:00.322+0200 [DEBUG] [org.gradle.internal.watch.vfs.impl.WatchingVirtualFileSystem] Handling VFS change REMOVED C:\Users\alexg\AndroidStudioProjects\geofenceApp\app\build\intermediates\apk_ide_redirect_file\debug\redirect.txt
2023-01-07T13:45:04.837+0200 [DEBUG] [org.gradle.process.internal.health.memory.DefaultMemoryManager] 793125273 memory requested, 652500992 free
2023-01-07T13:45:04.838+0200 [DEBUG] [org.gradle.workers.internal.WorkerDaemonExpiration] Will attempt to release 756 of memory
2023-01-07T13:45:04.838+0200 [DEBUG] [org.gradle.process.internal.health.memory.DefaultMemoryManager] 793125273 memory requested, 0 released, 652500992 free
2023-01-07T13:45:09.841+0200 [DEBUG] [org.gradle.process.internal.health.memory.DefaultMemoryManager] 793125273 memory requested, 668217344 free
2023-01-07T13:45:09.841+0200 [DEBUG] [org.gradle.workers.internal.WorkerDaemonExpiration] Will attempt to release 756 of memory
2023-01-07T13:45:09.841+0200 [DEBUG] [org.gradle.process.internal.health.memory.DefaultMemoryManager] 793125273 memory requested, 0 released, 668217344 free
2023-01-07T13:45:09.950+0200 [DEBUG] [org.gradle.cache.internal.DefaultFileLockManager] Waiting to acquire shared lock on daemon addresses registry.
2023-01-07T13:45:09.951+0200 [DEBUG] [org.gradle.cache.internal.DefaultFileLockManager] Lock acquired on daemon addresses registry.
2023-01-07T13:45:09.957+0200 [DEBUG] [org.gradle.cache.internal.DefaultFileLockManager] Releasing lock on daemon addresses registry.
2023-01-07T13:45:09.958+0200 [DEBUG] [org.gradle.cache.internal.DefaultFileLockManager] Waiting to acquire shared lock on daemon addresses registry.
2023-01-07T13:45:09.959+0200 [DEBUG] [org.gradle.cache.internal.DefaultFileLockManager] Lock acquired on daemon addresses registry.
2023-01-07T13:45:09.959+0200 [DEBUG] [org.gradle.cache.internal.DefaultFileLockManager] Releasing lock on daemon addresses registry.
2023-01-07T13:45:09.960+0200 [DEBUG] [org.gradle.cache.internal.DefaultFileLockManager] Waiting to acquire shared lock on daemon addresses registry.
2023-01-07T13:45:09.960+0200 [DEBUG] [org.gradle.cache.internal.DefaultFileLockManager] Lock acquired on daemon addresses registry.
2023-01-07T13:45:09.960+0200 [DEBUG] [org.gradle.cache.internal.DefaultFileLockManager] Releasing lock on daemon addresses registry.
2023-01-07T13:45:09.961+0200 [DEBUG] [org.gradle.launcher.daemon.server.health.LowMemoryDaemonExpirationStrategy] Nearing low memory threshold - OS memory {Total: 7931252736, Free: 668217344}
2023-01-07T13:45:09.961+0200 [DEBUG] [org.gradle.cache.internal.DefaultFileLockManager] Waiting to acquire shared lock on daemon addresses registry.
2023-01-07T13:45:09.961+0200 [DEBUG] [org.gradle.cache.internal.DefaultFileLockManager] Lock acquired on daemon addresses registry.
2023-01-07T13:45:09.962+0200 [DEBUG] [org.gradle.cache.internal.DefaultFileLockManager] Releasing lock on daemon addresses registry.
2023-01-07T13:45:09.962+0200 [DEBUG] [org.gradle.launcher.daemon.server.DaemonRegistryUpdater] Storing daemon stop event: other compatible daemons were started and after being idle for 0 minutes and not recently used
2023-01-07T13:45:09.964+0200 [DEBUG] [org.gradle.launcher.daemon.registry.PersistentDaemonRegistry] Storing daemon stop event with timestamp 1673091909963
2023-01-07T13:45:09.965+0200 [DEBUG] [org.gradle.cache.internal.DefaultFileLockManager] Waiting to acquire exclusive lock on daemon addresses registry.
2023-01-07T13:45:09.967+0200 [DEBUG] [org.gradle.cache.internal.DefaultFileLockManager] Lock acquired on daemon addresses registry.
2023-01-07T13:45:09.969+0200 [DEBUG] [org.gradle.cache.internal.DefaultFileLockManager] Releasing lock on daemon addresses registry.
2023-01-07T13:45:09.970+0200 [LIFECYCLE] [org.gradle.launcher.daemon.server.DaemonStateCoordinator] Daemon will be stopped at the end of the build other compatible daemons were started and after being idle for 0 minutes and not recently used
2023-01-07T13:45:09.971+0200 [DEBUG] [org.gradle.launcher.daemon.server.DaemonStateCoordinator] Marking daemon stopped due to other compatible daemons were started and after being idle for 0 minutes and not recently used. The daemon is running a build: false
2023-01-07T13:45:09.971+0200 [DEBUG] [org.gradle.launcher.daemon.server.DaemonStateCoordinator] daemon has stopped.
2023-01-07T13:45:09.971+0200 [DEBUG] [org.gradle.launcher.daemon.server.Daemon] stop() called on daemon
2023-01-07T13:45:09.971+0200 [INFO] [org.gradle.launcher.daemon.server.Daemon] Stop requested. Daemon is removing its presence from the registry...
2023-01-07T13:45:09.972+0200 [DEBUG] [org.gradle.launcher.daemon.server.DaemonRegistryUpdater] Removing our presence to clients, eg. removing this address from the registry: [59b25cd3-d6eb-4f78-a6d8-14f3f9bc1cb9 port:62694, addresses:[localhost/127.0.0.1]]
2023-01-07T13:45:09.972+0200 [DEBUG] [org.gradle.launcher.daemon.registry.PersistentDaemonRegistry] Removing daemon address: [59b25cd3-d6eb-4f78-a6d8-14f3f9bc1cb9 port:62694, addresses:[localhost/127.0.0.1]]
2023-01-07T13:45:09.974+0200 [DEBUG] [org.gradle.cache.internal.DefaultFileLockManager] Waiting to acquire exclusive lock on daemon addresses registry.
2023-01-07T13:45:09.975+0200 [DEBUG] [org.gradle.cache.internal.DefaultFileLockManager] Lock acquired on daemon addresses registry.
2023-01-07T13:45:09.977+0200 [DEBUG] [org.gradle.cache.internal.DefaultFileLockManager] Releasing lock on daemon addresses registry.
2023-01-07T13:45:09.978+0200 [DEBUG] [org.gradle.launcher.daemon.server.DaemonRegistryUpdater] Address removed from registry.
2023-01-07T13:45:09.987+0200 [DEBUG] [org.gradle.cache.internal.DefaultPersistentDirectoryStore] jars (C:\Users\alexg\AndroidStudioProjects\geofenceApp\caches\jars-9) has last been fully cleaned up 264 hours ago
2023-01-07T13:45:09.999+0200 [INFO] [org.gradle.cache.internal.AbstractCacheCleanup] jars (C:\Users\alexg\AndroidStudioProjects\geofenceApp\caches\jars-9) cleanup deleted 0 files/directories.
2023-01-07T13:45:10.000+0200 [INFO] [org.gradle.cache.internal.LeastRecentlyUsedCacheCleanup] jars (C:\Users\alexg\AndroidStudioProjects\geofenceApp\caches\jars-9) removing files not accessed on or after Sat Dec 31 13:44:10 EET 2022.
2023-01-07T13:45:10.002+0200 [DEBUG] [org.gradle.cache.internal.LockOnDemandCrossProcessCacheAccess] Acquiring file lock for journal cache (C:\Users\alexg\AndroidStudioProjects\geofenceApp\caches\journal-1)
2023-01-07T13:45:10.008+0200 [DEBUG] [org.gradle.cache.internal.DefaultFileLockManager] Waiting to acquire exclusive lock on journal cache (C:\Users\alexg\AndroidStudioProjects\geofenceApp\caches\journal-1).
2023-01-07T13:45:10.009+0200 [DEBUG] [org.gradle.cache.internal.DefaultFileLockManager] The file lock for journal cache (C:\Users\alexg\AndroidStudioProjects\geofenceApp\caches\journal-1) is held by a different Gradle process (pid: 15844, lockId: -1623794093093127162). Pinged owner at port 58647
2023-01-07T13:45:10.009+0200 [DEBUG] [org.gradle.cache.internal.locklistener.DefaultFileLockContentionHandler] Gradle process at port 58647 confirmed unlock request for lock with id -1623794093093127162.
2023-01-07T13:45:10.009+0200 [DEBUG] [org.gradle.cache.internal.locklistener.DefaultFileLockContentionHandler] Gradle process at port 58647 confirmed unlock request for lock with id -1623794093093127162.
2023-01-07T13:45:10.012+0200 [DEBUG] [org.gradle.cache.internal.locklistener.DefaultFileLockContentionHandler] Gradle process at port 58647 confirmed lock release for lock with id -1623794093093127162.
2023-01-07T13:45:10.013+0200 [DEBUG] [org.gradle.cache.internal.locklistener.DefaultFileLockContentionHandler] Triggering lock release signal for lock with id -1623794093093127162.
2023-01-07T13:45:10.013+0200 [DEBUG] [org.gradle.cache.internal.locklistener.DefaultFileLockContentionHandler] Gradle process at port 58647 confirmed lock release for lock with id -1623794093093127162.
2023-01-07T13:45:10.013+0200 [DEBUG] [org.gradle.cache.internal.locklistener.DefaultFileLockContentionHandler] Triggering lock release signal for lock with id -1623794093093127162.
2023-01-07T13:45:10.014+0200 [DEBUG] [org.gradle.cache.internal.DefaultFileLockManager] Lock acquired on journal cache (C:\Users\alexg\AndroidStudioProjects\geofenceApp\caches\journal-1).
2023-01-07T13:45:10.014+0200 [INFO] [org.gradle.cache.internal.InMemoryDecoratedCache] Invalidating in-memory cache of C:\Users\alexg\AndroidStudioProjects\geofenceApp\caches\journal-1\file-access.bin
2023-01-07T13:45:10.015+0200 [DEBUG] [org.gradle.cache.internal.btree.BTreePersistentIndexedCache] Opening cache file-access.bin (C:\Users\alexg\AndroidStudioProjects\geofenceApp\caches\journal-1\file-access.bin)
2023-01-07T13:45:10.136+0200 [INFO] [org.gradle.cache.internal.AbstractCacheCleanup] jars (C:\Users\alexg\AndroidStudioProjects\geofenceApp\caches\jars-9) cleanup deleted 11 files/directories.
2023-01-07T13:45:10.138+0200 [INFO] [org.gradle.cache.internal.DefaultPersistentDirectoryStore] jars (C:\Users\alexg\AndroidStudioProjects\geofenceApp\caches\jars-9) cleaned up in 0.149 secs.
2023-01-07T13:45:10.138+0200 [DEBUG] [org.gradle.cache.internal.DefaultCacheAccess] Cache jars (C:\Users\alexg\AndroidStudioProjects\geofenceApp\caches\jars-9) was closed 3 times.
2023-01-07T13:45:10.139+0200 [DEBUG] [org.gradle.cache.internal.DefaultPersistentDirectoryStore] Artifact transforms cache (C:\Users\alexg\AndroidStudioProjects\geofenceApp\caches\transforms-3) has last been fully cleaned up 264 hours ago
2023-01-07T13:45:10.140+0200 [INFO] [org.gradle.cache.internal.LeastRecentlyUsedCacheCleanup] Artifact transforms cache (C:\Users\alexg\AndroidStudioProjects\geofenceApp\caches\transforms-3) removing files not accessed on or after Sat Dec 31 13:44:11 EET 2022.
2023-01-07T13:45:14.847+0200 [DEBUG] [org.gradle.process.internal.health.memory.DefaultMemoryManager] 793125273 memory requested, 661635072 free
2023-01-07T13:45:14.847+0200 [DEBUG] [org.gradle.process.internal.health.memory.DefaultMemoryManager] 793125273 memory requested, 0 released, 661635072 free
2023-01-07T13:45:15.542+0200 [INFO] [org.gradle.cache.internal.AbstractCacheCleanup] Artifact transforms cache (C:\Users\alexg\AndroidStudioProjects\geofenceApp\caches\transforms-3) cleanup deleted 795 files/directories.
2023-01-07T13:45:15.542+0200 [INFO] [org.gradle.cache.internal.DefaultPersistentDirectoryStore] Artifact transforms cache (C:\Users\alexg\AndroidStudioProjects\geofenceApp\caches\transforms-3) cleaned up in 5.402 secs.
2023-01-07T13:45:15.543+0200 [DEBUG] [org.gradle.cache.internal.DefaultCacheAccess] Cache Artifact transforms cache (C:\Users\alexg\AndroidStudioProjects\geofenceApp\caches\transforms-3) was closed 6 times.
2023-01-07T13:45:15.553+0200 [DEBUG] [org.gradle.cache.internal.LockOnDemandCrossProcessCacheAccess] Releasing file lock for file content cache (C:\Users\alexg\AndroidStudioProjects\geofenceApp\caches\7.4\fileContent)
2023-01-07T13:45:15.553+0200 [DEBUG] [org.gradle.cache.internal.DefaultFileLockManager] Releasing lock on file content cache (C:\Users\alexg\AndroidStudioProjects\geofenceApp\caches\7.4\fileContent).
2023-01-07T13:45:15.553+0200 [DEBUG] [org.gradle.cache.internal.DefaultCacheAccess] Cache file content cache (C:\Users\alexg\AndroidStudioProjects\geofenceApp\caches\7.4\fileContent) was closed 2 times.
2023-01-07T13:45:15.554+0200 [DEBUG] [org.gradle.internal.watch.vfs.impl.WatchingVirtualFileSystem] Closing VFS, dropping state
2023-01-07T13:45:15.556+0200 [DEBUG] [org.gradle.internal.watch.registry.impl.DefaultFileWatcherRegistry] Finished listening to file system change events
2023-01-07T13:45:15.556+0200 [DEBUG] [org.gradle.cache.internal.DefaultPersistentDirectoryStore] artifact cache (C:\Users\alexg\AndroidStudioProjects\geofenceApp\caches\modules-2) has last been fully cleaned up 264 hours ago
2023-01-07T13:45:15.557+0200 [INFO] [org.gradle.cache.internal.AbstractCacheCleanup] artifact cache (C:\Users\alexg\AndroidStudioProjects\geofenceApp\caches\modules-2) cleanup deleted 0 files/directories.
2023-01-07T13:45:15.558+0200 [INFO] [org.gradle.cache.internal.AbstractCacheCleanup] artifact cache (C:\Users\alexg\AndroidStudioProjects\geofenceApp\caches\modules-2) [subdir: C:\Users\alexg\AndroidStudioProjects\geofenceApp\caches\modules-2\resources-2.1] cleanup deleted 0 files/directories.
2023-01-07T13:45:15.559+0200 [INFO] [org.gradle.cache.internal.LeastRecentlyUsedCacheCleanup] artifact cache (C:\Users\alexg\AndroidStudioProjects\geofenceApp\caches\modules-2) [subdir: C:\Users\alexg\AndroidStudioProjects\geofenceApp\caches\modules-2\resources-2.1] removing files not accessed on or after Thu Dec 08 13:44:14 EET 2022.
2023-01-07T13:45:15.559+0200 [INFO] [org.gradle.cache.internal.AbstractCacheCleanup] artifact cache (C:\Users\alexg\AndroidStudioProjects\geofenceApp\caches\modules-2) [subdir: C:\Users\alexg\AndroidStudioProjects\geofenceApp\caches\modules-2\resources-2.1] cleanup deleted 0 files/directories.
2023-01-07T13:45:15.559+0200 [INFO] [org.gradle.cache.internal.AbstractCacheCleanup] artifact cache (C:\Users\alexg\AndroidStudioProjects\geofenceApp\caches\modules-2) [subdir: C:\Users\alexg\AndroidStudioProjects\geofenceApp\caches\modules-2\files-2.1] cleanup deleted 0 files/directories.
2023-01-07T13:45:15.560+0200 [INFO] [org.gradle.cache.internal.LeastRecentlyUsedCacheCleanup] artifact cache (C:\Users\alexg\AndroidStudioProjects\geofenceApp\caches\modules-2) [subdir: C:\Users\alexg\AndroidStudioProjects\geofenceApp\caches\modules-2\files-2.1] removing files not accessed on or after Thu Dec 08 13:44:14 EET 2022.
2023-01-07T13:45:15.776+0200 [INFO] [org.gradle.cache.internal.AbstractCacheCleanup] artifact cache (C:\Users\alexg\AndroidStudioProjects\geofenceApp\caches\modules-2) [subdir: C:\Users\alexg\AndroidStudioProjects\geofenceApp\caches\modules-2\files-2.1] cleanup deleted 0 files/directories.
2023-01-07T13:45:15.777+0200 [INFO] [org.gradle.cache.internal.AbstractCacheCleanup] artifact cache (C:\Users\alexg\AndroidStudioProjects\geofenceApp\caches\modules-2) [subdir: C:\Users\alexg\AndroidStudioProjects\geofenceApp\caches\modules-2\metadata-2.97] cleanup deleted 0 files/directories.
2023-01-07T13:45:15.778+0200 [INFO] [org.gradle.cache.internal.DefaultPersistentDirectoryStore] artifact cache (C:\Users\alexg\AndroidStudioProjects\geofenceApp\caches\modules-2) cleaned up in 0.221 secs.
2023-01-07T13:45:15.778+0200 [DEBUG] [org.gradle.cache.internal.DefaultCacheAccess] Cache artifact cache (C:\Users\alexg\AndroidStudioProjects\geofenceApp\caches\modules-2) was closed 3 times.
2023-01-07T13:45:15.779+0200 [DEBUG] [org.gradle.cache.internal.LockOnDemandCrossProcessCacheAccess] Releasing file lock for journal cache (C:\Users\alexg\AndroidStudioProjects\geofenceApp\caches\journal-1)
2023-01-07T13:45:15.779+0200 [DEBUG] [org.gradle.cache.internal.btree.BTreePersistentIndexedCache] Closing cache file-access.bin (C:\Users\alexg\AndroidStudioProjects\geofenceApp\caches\journal-1\file-access.bin)
2023-01-07T13:45:15.780+0200 [DEBUG] [org.gradle.cache.internal.DefaultFileLockManager] Releasing lock on journal cache (C:\Users\alexg\AndroidStudioProjects\geofenceApp\caches\journal-1).
2023-01-07T13:45:15.780+0200 [DEBUG] [org.gradle.cache.internal.DefaultCacheAccess] Cache journal cache (C:\Users\alexg\AndroidStudioProjects\geofenceApp\caches\journal-1) was closed 11 times.
2023-01-07T13:45:15.782+0200 [DEBUG] [org.gradle.cache.internal.DefaultCacheAccess] Cache file hash cache (C:\Users\alexg\AndroidStudioProjects\geofenceApp\caches\7.4\fileHashes) was closed 10 times.
2023-01-07T13:45:15.782+0200 [DEBUG] [org.gradle.cache.internal.DefaultCacheAccess] Cache Generated Gradle JARs cache (C:\Users\alexg\AndroidStudioProjects\geofenceApp\caches\7.4\generated-gradle-jars) was closed 0 times.
2023-01-07T13:45:15.783+0200 [DEBUG] [org.gradle.cache.internal.DefaultCacheAccess] Cache execution history cache (C:\Users\alexg\AndroidStudioProjects\geofenceApp\caches\7.4\executionHistory) was closed 6 times.
2023-01-07T13:45:15.783+0200 [DEBUG] [org.gradle.cache.internal.LockOnDemandCrossProcessCacheAccess] Releasing file lock for Java compile cache (C:\Users\alexg\AndroidStudioProjects\geofenceApp\caches\7.4\javaCompile)
2023-01-07T13:45:15.783+0200 [DEBUG] [org.gradle.cache.internal.btree.BTreePersistentIndexedCache] Closing cache jarAnalysis.bin (C:\Users\alexg\AndroidStudioProjects\geofenceApp\caches\7.4\javaCompile\jarAnalysis.bin)
2023-01-07T13:45:15.784+0200 [DEBUG] [org.gradle.cache.internal.btree.BTreePersistentIndexedCache] Closing cache classAnalysis.bin (C:\Users\alexg\AndroidStudioProjects\geofenceApp\caches\7.4\javaCompile\classAnalysis.bin)
2023-01-07T13:45:15.784+0200 [DEBUG] [org.gradle.cache.internal.DefaultFileLockManager] Releasing lock on Java compile cache (C:\Users\alexg\AndroidStudioProjects\geofenceApp\caches\7.4\javaCompile).
2023-01-07T13:45:15.794+0200 [DEBUG] [org.gradle.cache.internal.VersionSpecificCacheCleanupAction] Processed version-specific caches at C:\Users\alexg\AndroidStudioProjects\geofenceApp\caches for cleanup in 0.006 secs
Daemon vm is shutting down... The daemon has exited normally or was terminated in response to a user interrupt.
2023-01-07T13:45:15.802+0200 [DEBUG] [org.gradle.launcher.daemon.registry.PersistentDaemonRegistry] Removing daemon address: [59b25cd3-d6eb-4f78-a6d8-14f3f9bc1cb9 port:62694, addresses:[localhost/127.0.0.1]]
2023-01-07T13:45:15.803+0200 [DEBUG] [org.gradle.cache.internal.DefaultFileLockManager] Waiting to acquire exclusive lock on daemon addresses registry.
2023-01-07T13:45:15.804+0200 [DEBUG] [org.gradle.cache.internal.DefaultFileLockManager] Lock acquired on daemon addresses registry.
2023-01-07T13:45:15.806+0200 [DEBUG] [org.gradle.cache.internal.DefaultFileLockManager] Releasing lock on daemon addresses registry.
